# JRE version: Java(TM) SE Runtime Environment (8.0_191-b12) (build 1.8.0_191-b12)
# Java VM: Java HotSpot(TM) Client VM (25.191-b12 mixed mode windows-x86 )
Heap:
 def new generation   total 4992K, used 4426K [0x04200000, 0x04760000, 0x09750000)
  eden space 4480K,  87% used [0x04200000, 0x045d29b8, 0x04660000)
  from space 512K, 100% used [0x046e0000, 0x04760000, 0x04760000)
  to   space 512K,   0% used [0x04660000, 0x04660000, 0x046e0000)
 tenured generation   total 10944K, used 10605K [0x09750000, 0x0a200000, 0x14200000)
   the space 10944K,  96% used [0x09750000, 0x0a1ab748, 0x0a1ab800, 0x0a200000)
 Metaspace       used 18084K, capacity 18355K, committed 18432K, reserved 18816K
GC Heap History (10 events):
Event: 2.306 GC heap before
{Heap before GC invocations=26 (full 1):
 def new generation   total 4992K, used 4848K [0x04200000, 0x04760000, 0x09750000)
  eden space 4480K, 100% used [0x04200000, 0x04660000, 0x04660000)
  from space 512K,  71% used [0x04660000, 0x046bc110, 0x046e0000)
  to   space 512K,   0% used [0x046e0000, 0x046e0000, 0x04760000)
 tenured generation   total 10944K, used 7178K [0x09750000, 0x0a200000, 0x14200000)
   the space 10944K,  65% used [0x09750000, 0x09e52b70, 0x09e52c00, 0x0a200000)
 Metaspace       used 14763K, capacity 14827K, committed 14976K, reserved 15744K
Event: 2.309 GC heap after
Heap after GC invocations=27 (full 1):
 def new generation   total 4992K, used 274K [0x04200000, 0x04760000, 0x09750000)
  eden space 4480K,   0% used [0x04200000, 0x04200000, 0x04660000)
  from space 512K,  53% used [0x046e0000, 0x04724b70, 0x04760000)
  to   space 512K,   0% used [0x04660000, 0x04660000, 0x046e0000)
 tenured generation   total 10944K, used 7401K [0x09750000, 0x0a200000, 0x14200000)
   the space 10944K,  67% used [0x09750000, 0x09e8a5c0, 0x09e8a600, 0x0a200000)
 Metaspace       used 14763K, capacity 14827K, committed 14976K, reserved 15744K
}
Event: 2.390 GC heap before
{Heap before GC invocations=27 (full 1):
 def new generation   total 4992K, used 4754K [0x04200000, 0x04760000, 0x09750000)
  eden space 4480K, 100% used [0x04200000, 0x04660000, 0x04660000)
  from space 512K,  53% used [0x046e0000, 0x04724b70, 0x04760000)
  to   space 512K,   0% used [0x04660000, 0x04660000, 0x046e0000)
 tenured generation   total 10944K, used 7401K [0x09750000, 0x0a200000, 0x14200000)
   the space 10944K,  67% used [0x09750000, 0x09e8a5c0, 0x09e8a600, 0x0a200000)
 Metaspace       used 15539K, capacity 15623K, committed 15744K, reserved 15744K
Event: 2.394 GC heap after
Heap after GC invocations=28 (full 1):
 def new generation   total 4992K, used 512K [0x04200000, 0x04760000, 0x09750000)
  eden space 4480K,   0% used [0x04200000, 0x04200000, 0x04660000)
  from space 512K, 100% used [0x04660000, 0x046e0000, 0x046e0000)
  to   space 512K,   0% used [0x046e0000, 0x046e0000, 0x04760000)
 tenured generation   total 10944K, used 7713K [0x09750000, 0x0a200000, 0x14200000)
   the space 10944K,  70% used [0x09750000, 0x09ed85a0, 0x09ed8600, 0x0a200000)
 Metaspace       used 15539K, capacity 15623K, committed 15744K, reserved 15744K
}
Event: 2.493 GC heap before
{Heap before GC invocations=28 (full 1):
 def new generation   total 4992K, used 4991K [0x04200000, 0x04760000, 0x09750000)
  eden space 4480K,  99% used [0x04200000, 0x0465fdb0, 0x04660000)
  from space 512K, 100% used [0x04660000, 0x046e0000, 0x046e0000)
  to   space 512K,   0% used [0x046e0000, 0x046e0000, 0x04760000)
 tenured generation   total 10944K, used 7713K [0x09750000, 0x0a200000, 0x14200000)
   the space 10944K,  70% used [0x09750000, 0x09ed85a0, 0x09ed8600, 0x0a200000)
 Metaspace       used 16297K, capacity 16542K, committed 16640K, reserved 16768K
Event: 2.496 GC heap after
Heap after GC invocations=29 (full 1):
 def new generation   total 4992K, used 512K [0x04200000, 0x04760000, 0x09750000)
  eden space 4480K,   0% used [0x04200000, 0x04200000, 0x04660000)
  from space 512K, 100% used [0x046e0000, 0x04760000, 0x04760000)
  to   space 512K,   0% used [0x04660000, 0x04660000, 0x046e0000)
 tenured generation   total 10944K, used 8386K [0x09750000, 0x0a200000, 0x14200000)
   the space 10944K,  76% used [0x09750000, 0x09f80898, 0x09f80a00, 0x0a200000)
 Metaspace       used 16297K, capacity 16542K, committed 16640K, reserved 16768K
}
Event: 2.562 GC heap before
{Heap before GC invocations=29 (full 1):
 def new generation   total 4992K, used 4992K [0x04200000, 0x04760000, 0x09750000)
  eden space 4480K, 100% used [0x04200000, 0x04660000, 0x04660000)
  from space 512K, 100% used [0x046e0000, 0x04760000, 0x04760000)
  to   space 512K,   0% used [0x04660000, 0x04660000, 0x046e0000)
 tenured generation   total 10944K, used 8386K [0x09750000, 0x0a200000, 0x14200000)
   the space 10944K,  76% used [0x09750000, 0x09f80898, 0x09f80a00, 0x0a200000)
 Metaspace       used 16973K, capacity 17247K, committed 17280K, reserved 17792K
Event: 2.566 GC heap after
Heap after GC invocations=30 (full 1):
 def new generation   total 4992K, used 512K [0x04200000, 0x04760000, 0x09750000)
  eden space 4480K,   0% used [0x04200000, 0x04200000, 0x04660000)
  from space 512K, 100% used [0x04660000, 0x046e0000, 0x046e0000)
  to   space 512K,   0% used [0x046e0000, 0x046e0000, 0x04760000)
 tenured generation   total 10944K, used 9578K [0x09750000, 0x0a200000, 0x14200000)
   the space 10944K,  87% used [0x09750000, 0x0a0aaba0, 0x0a0aac00, 0x0a200000)
 Metaspace       used 16973K, capacity 17247K, committed 17280K, reserved 17792K
}
Event: 2.658 GC heap before
{Heap before GC invocations=30 (full 1):
 def new generation   total 4992K, used 4992K [0x04200000, 0x04760000, 0x09750000)
  eden space 4480K, 100% used [0x04200000, 0x04660000, 0x04660000)
  from space 512K, 100% used [0x04660000, 0x046e0000, 0x046e0000)
  to   space 512K,   0% used [0x046e0000, 0x046e0000, 0x04760000)
 tenured generation   total 10944K, used 9578K [0x09750000, 0x0a200000, 0x14200000)
   the space 10944K,  87% used [0x09750000, 0x0a0aaba0, 0x0a0aac00, 0x0a200000)
 Metaspace       used 17666K, capacity 17936K, committed 18048K, reserved 18816K
Event: 2.661 GC heap after
Heap after GC invocations=31 (full 1):
 def new generation   total 4992K, used 512K [0x04200000, 0x04760000, 0x09750000)
  eden space 4480K,   0% used [0x04200000, 0x04200000, 0x04660000)
  from space 512K, 100% used [0x046e0000, 0x04760000, 0x04760000)
  to   space 512K,   0% used [0x04660000, 0x04660000, 0x046e0000)
 tenured generation   total 10944K, used 10605K [0x09750000, 0x0a200000, 0x14200000)
   the space 10944K,  96% used [0x09750000, 0x0a1ab748, 0x0a1ab800, 0x0a200000)
 Metaspace       used 17666K, capacity 17936K, committed 18048K, reserved 18816K
}

